<?xml version="1.0" encoding="UTF-8"?>
<!-- Generated by org.testng.reporters.JUnitReportReporter -->
<testsuite hostname="hemaraghav" failures="0" tests="1" name="TestNg.TestNg" time="19.230" errors="0" timestamp="2024-04-10T16:22:06 CDT" skipped="0">
  <testcase classname="TestNg.TestNg" name="runScenario" time="19.230"/>
  <system-out/>
</testsuite> <!-- TestNg.TestNg -->
